info it worked if it ends with ok
verbose cli [ 'node', '/usr/bin/npm', 'install', 'supervisor', '-g' ]
info using npm@1.1.4
info using node@v0.6.12
verbose config file /home/richard/.npmrc
verbose config file /usr/etc/npmrc
verbose config file /usr/share/npm/npmrc
verbose cache add [ 'supervisor', null ]
silly cache add: name, spec, args [ undefined, 'supervisor', [ 'supervisor', null ] ]
verbose parsed url { pathname: 'supervisor',
verbose parsed url   path: 'supervisor',
verbose parsed url   href: 'supervisor' }
verbose addNamed [ 'supervisor', '' ]
verbose addNamed [ null, '' ]
silly name, range, hasData [ 'supervisor', '', false ]
verbose raw, before any munging supervisor
verbose url resolving [ 'https://registry.npmjs.org/', './supervisor' ]
verbose url resolved https://registry.npmjs.org/supervisor
http GET https://registry.npmjs.org/supervisor
http 200 https://registry.npmjs.org/supervisor
silly get cb [ 200,
silly get cb   { vary: 'Accept',
silly get cb     server: 'CouchDB/1.2.0 (Erlang OTP/R15B)',
silly get cb     etag: '"6KVGR6YI1RG9GU1ZHMPGELQAR"',
silly get cb     date: 'Sun, 08 Jul 2012 09:21:32 GMT',
silly get cb     'content-type': 'application/json',
silly get cb     'content-length': '48107' } ]
verbose mkdir (expected) error ENOENT, no such file or directory '/home/richard/.npm/supervisor'
verbose mkdir done: /home/richard/.npm/supervisor 755
silly name, range, hasData 2 [ 'supervisor', '', true ]
silly versions [ 'supervisor',
silly versions   [ '0.0.4',
silly versions     '0.0.5',
silly versions     '0.0.6',
silly versions     '0.2.0',
silly versions     '0.3.0',
silly versions     '0.3.1',
silly versions     '0.3.2',
silly versions     '0.3.3',
silly versions     '0.3.4',
silly versions     '0.3.5',
silly versions     '0.3.6',
silly versions     '0.4.0',
silly versions     '0.4.1' ] ]
verbose bin dist [ '0.6-ares1.7.5-evundefined-openssl1.0.1-v83.7.12.22-linux-x64-3.2.0-26-generic',
verbose bin dist   { shasum: '54dab909442eba4e0c4a9dbbc79838a43f31f7a5',
verbose bin dist     tarball: 'http://registry.npmjs.org/supervisor/-/supervisor-0.4.1.tgz' } ]
verbose addRemoteTarball [ 'https://registry.npmjs.org/supervisor/-/supervisor-0.4.1.tgz',
verbose addRemoteTarball   '54dab909442eba4e0c4a9dbbc79838a43f31f7a5' ]
verbose mkdir (expected) error ENOENT, no such file or directory '/tmp/npm-1341739293529'
verbose mkdir (expected) error ENOENT, no such file or directory '/tmp/npm-1341739293529/1341739293529-0.03303316282108426'
verbose mkdir done: /tmp/npm-1341739293529/1341739293529-0.03303316282108426 755
verbose fetch to /tmp/npm-1341739293529/1341739293529-0.03303316282108426/tmp.tgz
http GET https://registry.npmjs.org/supervisor/-/supervisor-0.4.1.tgz
http 200 https://registry.npmjs.org/supervisor/-/supervisor-0.4.1.tgz
silly updated sha bytes 4699
info shasum 54dab909442eba4e0c4a9dbbc79838a43f31f7a5
info shasum /tmp/npm-1341739293529/1341739293529-0.03303316282108426/tmp.tgz
verbose mkdir (expected) error ENOENT, no such file or directory '/tmp/npm-1341739293529/1341739293529-0.03303316282108426/___package.npm'
verbose mkdir done: /tmp/npm-1341739293529/1341739293529-0.03303316282108426/___package.npm 755
verbose unpack_ uid, gid [ undefined, undefined ]
verbose unpackTarget /tmp/npm-1341739293529/1341739293529-0.03303316282108426/package
silly gunzTarPerm modes [ '755', '644' ]
silly afterUntar ok
silly asyncMap in gTP /tmp/npm-1341739293529/1341739293529-0.03303316282108426/___package.npm/package
silly asyncMap in gTP /tmp/npm-1341739293529/1341739293529-0.03303316282108426/___package.npm/package/package.json
silly asyncMap in gTP /tmp/npm-1341739293529/1341739293529-0.03303316282108426/___package.npm/package/package.json.orig
silly asyncMap in gTP /tmp/npm-1341739293529/1341739293529-0.03303316282108426/___package.npm/package/README.md
silly asyncMap in gTP /tmp/npm-1341739293529/1341739293529-0.03303316282108426/___package.npm/package/lib
silly asyncMap in gTP /tmp/npm-1341739293529/1341739293529-0.03303316282108426/___package.npm/package/lib/supervisor.js
silly asyncMap in gTP /tmp/npm-1341739293529/1341739293529-0.03303316282108426/___package.npm/package/lib/cli-wrapper.js
silly chmod package 755
silly chmod lib 755
verbose gunzed /tmp/npm-1341739293529/1341739293529-0.03303316282108426/___package.npm/package
verbose rm'ed /tmp/npm-1341739293529/1341739293529-0.03303316282108426/package
verbose renamed [ '/tmp/npm-1341739293529/1341739293529-0.03303316282108426/___package.npm/package',
verbose renamed   '/tmp/npm-1341739293529/1341739293529-0.03303316282108426/package' ]
verbose caching /tmp/npm-1341739293529/1341739293529-0.03303316282108426/package/package.json
verbose loadDefaults supervisor@0.4.1
verbose tarball contents [ 'package', 'tmp.tgz' ]
verbose from cache /tmp/npm-1341739293529/1341739293529-0.03303316282108426/package/package.json
verbose pack /tmp/npm-1341739293529/1341739293529-0.03303316282108426/package
verbose pack /tmp/npm-1341739293529/1341739293529-0.03303316282108426/package /home/richard/.npm/supervisor/0.4.1/package.tgz
silly makeList /tmp/npm-1341739293529/1341739293529-0.03303316282108426/package
silly dir, dirLen [ '/tmp/npm-1341739293529/1341739293529-0.03303316282108426/package',
silly dir, dirLen   65 ]
verbose tarball /home/richard/.npm/supervisor/0.4.1/package.tgz
verbose parent /tmp/npm-1341739293529/1341739293529-0.03303316282108426/package
verbose mkdir (expected) error ENOENT, no such file or directory '/home/richard/.npm/supervisor/0.4.1/___package.npm'
verbose mkdir done: /home/richard/.npm/supervisor/0.4.1/___package.npm 755
verbose unpack_ uid, gid [ undefined, undefined ]
verbose unpackTarget /home/richard/.npm/supervisor/0.4.1/package
silly gunzTarPerm modes [ '755', '644' ]
silly afterUntar ok
silly asyncMap in gTP /home/richard/.npm/supervisor/0.4.1/___package.npm/package
silly asyncMap in gTP /home/richard/.npm/supervisor/0.4.1/___package.npm/package/package.json
silly asyncMap in gTP /home/richard/.npm/supervisor/0.4.1/___package.npm/package/package.json.orig
silly asyncMap in gTP /home/richard/.npm/supervisor/0.4.1/___package.npm/package/README.md
silly asyncMap in gTP /home/richard/.npm/supervisor/0.4.1/___package.npm/package/lib
silly asyncMap in gTP /home/richard/.npm/supervisor/0.4.1/___package.npm/package/lib/supervisor.js
silly asyncMap in gTP /home/richard/.npm/supervisor/0.4.1/___package.npm/package/lib/cli-wrapper.js
silly chmod package 755
verbose gunzed /home/richard/.npm/supervisor/0.4.1/___package.npm/package
verbose rm'ed /home/richard/.npm/supervisor/0.4.1/package
verbose renamed [ '/home/richard/.npm/supervisor/0.4.1/___package.npm/package',
verbose renamed   '/home/richard/.npm/supervisor/0.4.1/package' ]
verbose caching /home/richard/.npm/supervisor/0.4.1/package/package.json
verbose loadDefaults supervisor@0.4.1
silly updated sha bytes 4736
info shasum 6716271ef793cbdd4b6afcd1bafcebac68a4cfff
info shasum /home/richard/.npm/supervisor/0.4.1/package.tgz
verbose from cache /home/richard/.npm/supervisor/0.4.1/package/package.json
verbose chmod /home/richard/.npm/supervisor/0.4.1/package.tgz 644
verbose chown [ '/home/richard/.npm/supervisor/0.4.1/package.tgz', 1000, 1000 ]
silly resolved [ { name: 'supervisor',
silly resolved     version: '0.4.1',
silly resolved     description: 'A supervisor program for running nodejs programs',
silly resolved     author: { name: 'Isaac Z. Schlueter', email: 'i@izs.me' },
silly resolved     contributors: 
silly resolved      [ { name: 'Todd Branchflower', email: 'toddbran@stanford.edu' },
silly resolved        { name: 'Brian Ehmann', email: 'behmann@gmail.com' },
silly resolved        { name: 'Corey Jewett', email: 'cj@syntheticplayground.com' },
silly resolved        { name: 'Taka Kojima', email: 'taka.kojima@ff0000.com' },
silly resolved        { name: 'Jonathan \'Wolf\' Rentzsch',
silly resolved          email: 'jwr.git@redshed.net' },
silly resolved        { name: 'Scott Sanders', email: 'scott@stonecobra.com' },
silly resolved        { name: 'Fernando H. Silva', email: 'ferhensil@gmail.com' },
silly resolved        { name: 'David Taylor', email: 'david@zensatellite.com' },
silly resolved        { name: 'Antonio Touriño', email: 'atourino@gmail.com' },
silly resolved        { name: 'Oliver Wong', email: 'oliver@owiber.com' },
silly resolved        { name: 'Ian Young', email: 'ian.greenleaf@gmail.com' },
silly resolved        { name: 'Giannis Dzegoutanis', email: 'erasmospunk@gmail.com' },
silly resolved        { name: 'jazzzz', email: 'jazzzz@gmail.com' },
silly resolved        { name: 'rma4ok', email: 'rma4ok@gmail.com' } ],
silly resolved     repository: 
silly resolved      { type: 'git',
silly resolved        url: 'git://github.com/isaacs/node-supervisor.git' },
silly resolved     bugs: { name: 'https://github.com/isaacs/node-supervisor/issues' },
silly resolved     homepage: 'https://github.com/isaacs/node-supervisor/',
silly resolved     main: 'lib/supervisor.js',
silly resolved     bin: 
silly resolved      { 'node-supervisor': 'lib/cli-wrapper.js',
silly resolved        supervisor: 'lib/cli-wrapper.js' },
silly resolved     engines: { node: '>=0.3.7 <0.9' },
silly resolved     preferGlobal: true,
silly resolved     _id: 'supervisor@0.4.1',
silly resolved     dependencies: {},
silly resolved     devDependencies: {},
silly resolved     optionalDependencies: {},
silly resolved     _engineSupported: true,
silly resolved     _npmVersion: '1.1.4',
silly resolved     _nodeVersion: 'v0.6.12',
silly resolved     _defaultsLoaded: true,
silly resolved     dist: { shasum: '6716271ef793cbdd4b6afcd1bafcebac68a4cfff' },
silly resolved     _from: 'supervisor' } ]
info into /usr/local/lib supervisor@0.4.1
info installOne supervisor@0.4.1
verbose from cache /home/richard/.npm/supervisor/0.4.1/package/package.json
info unbuild /usr/local/lib/node_modules/supervisor
verbose mkdir (expected) error ENOENT, no such file or directory '/usr/local/lib/node_modules/___supervisor.npm'
verbose unpack_ uid, gid [ undefined, undefined ]
verbose unpackTarget /usr/local/lib/node_modules/supervisor
ERR! Could not create /usr/local/lib/node_modules/___supervisor.npm
ERR! error installing supervisor@0.4.1
info unbuild /usr/local/lib/node_modules/supervisor
verbose installOne cb supervisor@0.4.1
ERR! Error: EACCES, permission denied '/usr/local/lib/node_modules/___supervisor.npm'
ERR! 
ERR! Please try running this command again as root/Administrator.
ERR! 
ERR! System Linux 3.2.0-26-generic
ERR! command "node" "/usr/bin/npm" "install" "supervisor" "-g"
ERR! cwd /home/richard/Projects/badsyntax.co
ERR! node -v v0.6.12
ERR! npm -v 1.1.4
ERR! path /usr/local/lib/node_modules/___supervisor.npm
ERR! code EACCES
ERR! message EACCES, permission denied '/usr/local/lib/node_modules/___supervisor.npm'
ERR! errno {}
verbose exit [ 1, true ]
